Content-Type: multipart/alternative;
 boundary="===============1002852815396313710=="
MIME-Version: 1.0
Subject: Your username
From: test@example.com
To: testcostumer@example.com
Date: Sat, 09 Jan 2021 16:43:13 -0000
Message-ID: <161021059307.18236.596449571501711631@Eytan.lan>

--===============1002852815396313710==
Content-Type: text/plain; charset="utf-8"
MIME-Version: 1.0
Content-Transfer-Encoding: 7bit



Your username is:

testcostumer

--===============1002852815396313710==
Content-Type: text/html; charset="utf-8"
MIME-Version: 1.0
Content-Transfer-Encoding: 7bit



<!DOCTYPE html PUBLIC "-//W3C//DTD XHTML 1.0 Transitional//EN"
        "http://www.w3.org/TR/xhtml1/DTD/xhtml1-transitional.dtd">
<html xmlns="http://www.w3.org/1999/xhtml">
<head>
    <meta http-equiv="Content-Type" content="text/html; charset=UTF-8"/>
    <title>Your username</title>
    <meta name="viewport" content="width=device-width, initial-scale=1.0"/>
</head>

<body>

<p>
    Your username is:
</p>

<p>
    testcostumer
</p>

</body>

</html>

--===============1002852815396313710==--

-------------------------------------------------------------------------------
